<?xml version="1.0" encoding="UTF-8"?>
<Site BuildName="(empty)"
	BuildStamp="20230619-1444-Experimental"
	Name="(empty)"
	Generator="ctest-3.22.1"
	CompilerName=""
	CompilerVersion=""
	OSName="Linux"
	Hostname="Ubuntu"
	OSRelease="5.19.0-43-generic"
	OSVersion="#44~22.04.1-Ubuntu SMP PREEMPT_DYNAMIC Mon May 22 13:39:36 UTC 2"
	OSPlatform="x86_64"
	Is64Bits="1"
	VendorString="GenuineIntel"
	VendorID="Intel Corporation"
	FamilyID="6"
	ModelID="154"
	ProcessorCacheSize="24576"
	NumberOfLogicalCPU="6"
	NumberOfPhysicalCPU="6"
	TotalVirtualMemory="2047"
	TotalPhysicalMemory="7948"
	LogicalProcessorsPerPhysical="1"
	ProcessorClockFrequency="2693.32"
	>
	<Testing>
		<StartDateTime>Jun 19 17:44 +03</StartDateTime>
		<StartTestTime>1687185884</StartTestTime>
		<TestList/>
		<EndDateTime>Jun 19 17:44 +03</EndDateTime>
		<EndTestTime>1687185884</EndTestTime>
		<ElapsedMinutes>0</ElapsedMinutes>
	</Testing>
</Site>
